<?xml version="1.0" encoding="UTF-8"?>
<testsuite name="com.example.carpj.security.PasswordTests" tests="1" skipped="0" failures="0" errors="0" timestamp="2023-03-31T16:51:56" hostname="DESKTOP-PDDHD8Q" time="0.676">
  <properties/>
  <testcase name="testEncode()" classname="com.example.carpj.security.PasswordTests" time="0.676"/>
  <system-out><![CDATA[01:51:43.832 [Test worker] DEBUG org.springframework.test.context.BootstrapUtils - Instantiating CacheAwareContextLoaderDelegate from class [org.springframework.test.context.cache.DefaultCacheAwareContextLoaderDelegate]
01:51:43.863 [Test worker] DEBUG org.springframework.test.context.BootstrapUtils - Instantiating BootstrapContext using constructor [public org.springframework.test.context.support.DefaultBootstrapContext(java.lang.Class,org.springframework.test.context.CacheAwareContextLoaderDelegate)]
01:51:43.949 [Test worker] DEBUG org.springframework.test.context.BootstrapUtils - Instantiating TestContextBootstrapper for test class [com.example.carpj.security.PasswordTests] from class [org.springframework.boot.test.context.SpringBootTestContextBootstrapper]
01:51:43.975 [Test worker] INFO org.springframework.boot.test.context.SpringBootTestContextBootstrapper - Neither @ContextConfiguration nor @ContextHierarchy found for test class [com.example.carpj.security.PasswordTests], using SpringBootContextLoader
01:51:43.988 [Test worker] DEBUG org.springframework.test.context.support.AbstractContextLoader - Did not detect default resource location for test class [com.example.carpj.security.PasswordTests]: class path resource [com/example/carpj/security/PasswordTests-context.xml] does not exist
01:51:43.991 [Test worker] DEBUG org.springframework.test.context.support.AbstractContextLoader - Did not detect default resource location for test class [com.example.carpj.security.PasswordTests]: class path resource [com/example/carpj/security/PasswordTestsContext.groovy] does not exist
01:51:43.992 [Test worker] INFO org.springframework.test.context.support.AbstractContextLoader - Could not detect default resource locations for test class [com.example.carpj.security.PasswordTests]: no resource found for suffixes {-context.xml, Context.groovy}.
01:51:43.995 [Test worker] INFO org.springframework.test.context.support.AnnotationConfigContextLoaderUtils - Could not detect default configuration classes for test class [com.example.carpj.security.PasswordTests]: PasswordTests does not declare any static, non-private, non-final, nested classes annotated with @Configuration.
01:51:44.124 [Test worker] DEBUG org.springframework.test.context.support.ActiveProfilesUtils - Could not find an 'annotation declaring class' for annotation type [org.springframework.test.context.ActiveProfiles] and class [com.example.carpj.security.PasswordTests]
01:51:44.274 [Test worker] DEBUG org.springframework.context.annotation.ClassPathScanningCandidateComponentProvider - Identified candidate component class: file [C:\intellij\carPJ\build\classes\java\main\com\example\carpj\CarPjApplication.class]
01:51:44.279 [Test worker] INFO org.springframework.boot.test.context.SpringBootTestContextBootstrapper - Found @SpringBootConfiguration com.example.carpj.CarPjApplication for test class com.example.carpj.security.PasswordTests
01:51:44.508 [Test worker] DEBUG org.springframework.boot.test.context.SpringBootTestContextBootstrapper - @TestExecutionListeners is not present for class [com.example.carpj.security.PasswordTests]: using defaults.
01:51:44.510 [Test worker] INFO org.springframework.boot.test.context.SpringBootTestContextBootstrapper - Loaded default TestExecutionListener class names from location [META-INF/spring.factories]: [org.springframework.security.test.context.support.WithSecurityContextTestExecutionListener, org.springframework.security.test.context.support.ReactorContextTestExecutionListener, org.springframework.boot.test.autoconfigure.restdocs.RestDocsTestExecutionListener, org.springframework.boot.test.autoconfigure.web.client.MockRestServiceServerResetTestExecutionListener, org.springframework.boot.test.autoconfigure.web.servlet.MockMvcPrintOnlyOnFailureTestExecutionListener, org.springframework.boot.test.autoconfigure.web.servlet.WebDriverTestExecutionListener, org.springframework.boot.test.autoconfigure.webservices.client.MockWebServiceServerTestExecutionListener, org.springframework.boot.test.mock.mockito.MockitoTestExecutionListener, org.springframework.boot.test.mock.mockito.ResetMocksTestExecutionListener, org.springframework.test.context.web.ServletTestExecutionListener, org.springframework.test.context.support.DirtiesContextBeforeModesTestExecutionListener, org.springframework.test.context.event.ApplicationEventsTestExecutionListener, org.springframework.test.context.support.DependencyInjectionTestExecutionListener, org.springframework.test.context.support.DirtiesContextTestExecutionListener, org.springframework.test.context.transaction.TransactionalTestExecutionListener, org.springframework.test.context.jdbc.SqlScriptsTestExecutionListener, org.springframework.test.context.event.EventPublishingTestExecutionListener]
01:51:44.577 [Test worker] INFO org.springframework.boot.test.context.SpringBootTestContextBootstrapper - Using TestExecutionListeners: [org.springframework.test.context.web.ServletTestExecutionListener@323e8306, org.springframework.test.context.support.DirtiesContextBeforeModesTestExecutionListener@a23a01d, org.springframework.test.context.event.ApplicationEventsTestExecutionListener@4acf72b6, org.springframework.boot.test.mock.mockito.MockitoTestExecutionListener@7561db12, org.springframework.boot.test.autoconfigure.SpringBootDependencyInjectionTestExecutionListener@3301500b, org.springframework.test.context.support.DirtiesContextTestExecutionListener@24b52d3e, org.springframework.test.context.transaction.TransactionalTestExecutionListener@15deb1dc, org.springframework.test.context.jdbc.SqlScriptsTestExecutionListener@6e9c413e, org.springframework.security.test.context.support.WithSecurityContextTestExecutionListener@57a4d5ee, org.springframework.test.context.event.EventPublishingTestExecutionListener@5af5def9, org.springframework.security.test.context.support.ReactorContextTestExecutionListener@3a45c42a, org.springframework.boot.test.autoconfigure.restdocs.RestDocsTestExecutionListener@36dce7ed, org.springframework.boot.test.autoconfigure.web.client.MockRestServiceServerResetTestExecutionListener@47a64f7d, org.springframework.boot.test.autoconfigure.web.servlet.MockMvcPrintOnlyOnFailureTestExecutionListener@33d05366, org.springframework.boot.test.autoconfigure.web.servlet.WebDriverTestExecutionListener@27a0a5a2, org.springframework.boot.test.autoconfigure.webservices.client.MockWebServiceServerTestExecutionListener@7692cd34, org.springframework.boot.test.mock.mockito.ResetMocksTestExecutionListener@33aa93c]
01:51:44.585 [Test worker] DEBUG org.springframework.test.context.support.AbstractDirtiesContextTestExecutionListener - Before test class: context [DefaultTestContext@41de5768 testClass = PasswordTests, testInstance = [null], testMethod = [null], testException = [null], mergedContextConfiguration = [WebMergedContextConfiguration@5f577419 testClass = PasswordTests, locations = '{}', classes = '{class com.example.carpj.CarPjApplication}', contextInitializerClasses = '[]', activeProfiles = '{}', propertySourceLocations = '{}', propertySourceProperties = '{org.springframework.boot.test.context.SpringBootTestContextBootstrapper=true}', contextCustomizers = set[org.springframework.boot.test.autoconfigure.actuate.metrics.MetricsExportContextCustomizerFactory$DisableMetricExportContextCustomizer@41e350f1, org.springframework.boot.test.autoconfigure.properties.PropertyMappingContextCustomizer@0, org.springframework.boot.test.autoconfigure.web.servlet.WebDriverContextCustomizerFactory$Customizer@37b70343, org.springframework.boot.test.context.filter.ExcludeFilterContextCustomizer@354fc8f0, org.springframework.boot.test.json.DuplicateJsonObjectContextCustomizerFactory$DuplicateJsonObjectContextCustomizer@58ebfd03, org.springframework.boot.test.mock.mockito.MockitoContextCustomizer@0, org.springframework.boot.test.web.client.TestRestTemplateContextCustomizer@27953a83, org.springframework.boot.test.context.SpringBootTestArgs@1, org.springframework.boot.test.context.SpringBootTestWebEnvironment@6aa8e115], resourceBasePath = 'src/main/webapp', contextLoader = 'org.springframework.boot.test.context.SpringBootContextLoader', parent = [null]], attributes = map['org.springframework.test.context.web.ServletTestExecutionListener.activateListener' -> true]], class annotated with @DirtiesContext [false] with mode [null].

  .   ____          _            __ _ _
 /\\ / ___'_ __ _ _(_)_ __  __ _ \ \ \ \
( ( )\___ | '_ | '_| | '_ \/ _` | \ \ \ \
 \\/  ___)| |_)| | | | | || (_| |  ) ) ) )
  '  |____| .__|_| |_|_| |_\__, | / / / /
 =========|_|==============|___/=/_/_/_/
 :: Spring Boot ::                (v2.7.5)

2023-04-01 01:51:45.484  INFO 14080 --- [    Test worker] c.example.carpj.security.PasswordTests   : Starting PasswordTests using Java 11.0.15.1 on DESKTOP-PDDHD8Q with PID 14080 (started by bohyu in C:\intellij\carPJ)
2023-04-01 01:51:45.488  INFO 14080 --- [    Test worker] c.example.carpj.security.PasswordTests   : No active profile set, falling back to 1 default profile: "default"
2023-04-01 01:51:47.200  INFO 14080 --- [    Test worker] .s.d.r.c.RepositoryConfigurationDelegate : Bootstrapping Spring Data JPA repositories in DEFAULT mode.
2023-04-01 01:51:47.369  INFO 14080 --- [    Test worker] .s.d.r.c.RepositoryConfigurationDelegate : Finished Spring Data repository scanning in 148 ms. Found 2 JPA repository interfaces.
2023-04-01 01:51:49.053  INFO 14080 --- [    Test worker] o.hibernate.jpa.internal.util.LogHelper  : HHH000204: Processing PersistenceUnitInfo [name: default]
2023-04-01 01:51:49.191  INFO 14080 --- [    Test worker] org.hibernate.Version                    : HHH000412: Hibernate ORM core version 5.6.12.Final
2023-04-01 01:51:49.578  INFO 14080 --- [    Test worker] o.hibernate.annotations.common.Version   : HCANN000001: Hibernate Commons Annotations {5.1.2.Final}
2023-04-01 01:51:49.822  INFO 14080 --- [    Test worker] com.zaxxer.hikari.HikariDataSource       : HikariPool-1 - Starting...
2023-04-01 01:51:50.557  INFO 14080 --- [    Test worker] com.zaxxer.hikari.HikariDataSource       : HikariPool-1 - Start completed.
2023-04-01 01:51:50.634  INFO 14080 --- [    Test worker] org.hibernate.dialect.Dialect            : HHH000400: Using dialect: org.hibernate.dialect.MySQL8Dialect
2023-04-01 01:51:52.333  INFO 14080 --- [    Test worker] o.h.e.t.j.p.i.JtaPlatformInitiator       : HHH000490: Using JtaPlatform implementation: [org.hibernate.engine.transaction.jta.platform.internal.NoJtaPlatform]
2023-04-01 01:51:52.354  INFO 14080 --- [    Test worker] j.LocalContainerEntityManagerFactoryBean : Initialized JPA EntityManagerFactory for persistence unit 'default'
2023-04-01 01:51:53.553  WARN 14080 --- [    Test worker] JpaBaseConfiguration$JpaWebConfiguration : spring.jpa.open-in-view is enabled by default. Therefore, database queries may be performed during view rendering. Explicitly configure spring.jpa.open-in-view to disable this warning
2023-04-01 01:51:55.655  WARN 14080 --- [    Test worker] .s.s.UserDetailsServiceAutoConfiguration : 

Using generated security password: d3fe1508-adb6-44f5-b055-18d1ba6fc3fb

This generated password is for development use only. Your security configuration must be updated before running your application in production.

2023-04-01 01:51:56.312  INFO 14080 --- [    Test worker] o.s.s.web.DefaultSecurityFilterChain     : Will secure any request with [org.springframework.security.web.session.DisableEncodeUrlFilter@133d0471, org.springframework.security.web.context.request.async.WebAsyncManagerIntegrationFilter@33cec966, org.springframework.security.web.context.SecurityContextPersistenceFilter@21457b14, org.springframework.security.web.header.HeaderWriterFilter@14764fdd, org.springframework.security.web.csrf.CsrfFilter@147892be, org.springframework.security.web.authentication.logout.LogoutFilter@7004cd44, org.springframework.security.web.authentication.UsernamePasswordAuthenticationFilter@53570fff, org.springframework.security.web.authentication.ui.DefaultLoginPageGeneratingFilter@33ce081a, org.springframework.security.web.authentication.ui.DefaultLogoutPageGeneratingFilter@643fed50, org.springframework.security.web.authentication.www.BasicAuthenticationFilter@23307c6c, org.springframework.security.web.savedrequest.RequestCacheAwareFilter@3e0600a4, org.springframework.security.web.servletapi.SecurityContextHolderAwareRequestFilter@341141ab, org.springframework.security.web.authentication.AnonymousAuthenticationFilter@65b07b9, org.springframework.security.web.session.SessionManagementFilter@1013aa94, org.springframework.security.web.access.ExceptionTranslationFilter@78839c2e, org.springframework.security.web.access.intercept.FilterSecurityInterceptor@1bcdd302]
2023-04-01 01:51:56.495  INFO 14080 --- [    Test worker] c.example.carpj.security.PasswordTests   : Started PasswordTests in 11.836 seconds (JVM running for 15.029)
enPw: $2a$10$vMAsYpT1Ov8ppcPQTJnOt.ayJiGA0cDtipSrrkfKd3X8.x.0WDY22
matchResult: true
]]></system-out>
  <system-err><![CDATA[]]></system-err>
</testsuite>
